2020-04-24 20:04:53,457-basepage-ERROR-base-screenshot-49-请输入用户名截图失败
2020-04-24 20:04:56,988-basepage-ERROR-base-screenshot-49-请输入密码截图失败
2020-04-24 20:05:00,319-basepage-ERROR-base-screenshot-49-请输入验证码截图失败
2020-04-24 20:05:03,619-basepage-ERROR-base-screenshot-49-无此用户名或已禁用截图失败
2020-04-24 20:05:07,309-basepage-ERROR-base-screenshot-49-用户名或密码不正确截图失败
2020-04-24 20:05:11,102-omplogin-ERROR-test_omplogin-test_1-26-预期结果和实际提示您输入的验证码不正确=>不一致！！！
2020-04-24 20:06:18,105-basepage-ERROR-base-screenshot-49-请输入用户名截图失败
2020-04-24 20:06:24,446-basepage-ERROR-base-screenshot-49-请输入密码截图失败
2020-04-24 20:06:28,404-basepage-ERROR-base-screenshot-49-请输入验证码截图失败
2020-04-24 20:06:32,063-basepage-ERROR-base-screenshot-49-无此用户名或已禁用截图失败
2020-04-24 20:06:35,588-omplogin-ERROR-test_omplogin-test_1-26-预期结果和实际提示用户名或密码不正确=>不一致！！！
2020-04-24 20:07:49,518-basepage-ERROR-base-screenshot-49-请输入用户名截图失败
2020-04-24 20:07:53,247-basepage-ERROR-base-screenshot-49-请输入密码截图失败
2020-04-24 20:07:58,824-basepage-ERROR-base-screenshot-49-请输入验证码截图失败
2020-04-24 20:08:02,106-basepage-ERROR-base-screenshot-49-无此用户名或已禁用截图失败
2020-04-24 20:08:26,868-basepage-ERROR-base-screenshot-49-用户名或密码不正确截图失败
2020-04-24 20:08:30,282-basepage-ERROR-base-screenshot-49-您输入的验证码不正确截图失败
2020-04-24 20:15:07,293-basepage-ERROR-base-screenshot-49-请输入用户名截图失败
2020-04-24 20:15:15,357-basepage-ERROR-base-screenshot-49-请输入密码截图失败
2020-04-24 20:15:21,288-basepage-ERROR-base-screenshot-49-请输入验证码截图失败
2020-04-24 20:15:24,811-basepage-ERROR-base-screenshot-49-无此用户名或已禁用截图失败
2020-04-24 20:15:28,270-basepage-ERROR-base-screenshot-49-用户名或密码不正确截图失败
2020-04-24 20:15:34,636-basepage-ERROR-base-screenshot-49-您输入的验证码不正确截图失败
2020-04-24 20:16:16,636-basepage-ERROR-base-screenshot-49-请输入用户名截图失败
2020-04-24 20:16:20,300-basepage-ERROR-base-screenshot-49-请输入密码截图失败
2020-04-24 20:16:23,712-basepage-ERROR-base-screenshot-49-请输入验证码截图失败
2020-04-24 20:16:26,938-basepage-ERROR-base-screenshot-49-无此用户名或已禁用截图失败
2020-04-24 20:16:30,386-basepage-ERROR-base-screenshot-49-用户名或密码不正确截图失败
2020-04-24 20:16:33,953-basepage-ERROR-base-screenshot-49-您输入的验证码不正确截图失败
2020-04-24 20:25:16,490-omplogin-ERROR-test_omplogin-test_1-26-预期结果和实际提示用户名或密码不正确=>不一致！！！
