2020-04-24 19:54:19,430-omplogin-INFO-预期结果请输入用户名和实际提示请输入用户名=>一致
2020-04-24 19:54:22,773-omplogin-INFO-预期结果请输入密码和实际提示请输入密码=>一致
2020-04-24 19:54:26,046-omplogin-INFO-预期结果请输入验证码和实际提示请输入验证码=>一致
2020-04-24 19:54:29,014-omplogin-INFO-预期结果无此用户名或已禁用和实际提示无此用户名或已禁用=>一致
2020-04-24 19:54:32,632-omplogin-INFO-预期结果用户名或密码不正确和实际提示用户名或密码不正确=>一致
2020-04-24 19:54:36,333-omplogin-INFO-预期结果您输入的验证码不正确和实际提示您输入的验证码不正确=>一致
2020-04-24 20:04:53,457-basepage-ERROR-请输入用户名截图失败
2020-04-24 20:04:53,557-omplogin-INFO-预期结果请输入用户名和实际提示请输入用户名=>一致
2020-04-24 20:04:56,988-basepage-ERROR-请输入密码截图失败
2020-04-24 20:04:57,110-omplogin-INFO-预期结果请输入密码和实际提示请输入密码=>一致
2020-04-24 20:05:00,319-basepage-ERROR-请输入验证码截图失败
2020-04-24 20:05:00,361-omplogin-INFO-预期结果请输入验证码和实际提示请输入验证码=>一致
2020-04-24 20:05:03,619-basepage-ERROR-无此用户名或已禁用截图失败
2020-04-24 20:05:03,780-omplogin-INFO-预期结果无此用户名或已禁用和实际提示无此用户名或已禁用=>一致
2020-04-24 20:05:07,309-basepage-ERROR-用户名或密码不正确截图失败
2020-04-24 20:05:07,441-omplogin-INFO-预期结果用户名或密码不正确和实际提示用户名或密码不正确=>一致
2020-04-24 20:05:11,102-omplogin-ERROR-预期结果和实际提示您输入的验证码不正确=>不一致！！！
2020-04-24 20:06:18,105-basepage-ERROR-请输入用户名截图失败
2020-04-24 20:06:18,155-omplogin-INFO-预期结果请输入用户名和实际提示请输入用户名=>一致
2020-04-24 20:06:24,446-basepage-ERROR-请输入密码截图失败
2020-04-24 20:06:24,808-omplogin-INFO-预期结果请输入密码和实际提示请输入密码=>一致
2020-04-24 20:06:28,404-basepage-ERROR-请输入验证码截图失败
2020-04-24 20:06:28,511-omplogin-INFO-预期结果请输入验证码和实际提示请输入验证码=>一致
2020-04-24 20:06:32,063-basepage-ERROR-无此用户名或已禁用截图失败
2020-04-24 20:06:32,169-omplogin-INFO-预期结果无此用户名或已禁用和实际提示无此用户名或已禁用=>一致
2020-04-24 20:06:35,588-omplogin-ERROR-预期结果和实际提示用户名或密码不正确=>不一致！！！
2020-04-24 20:07:49,518-basepage-ERROR-请输入用户名截图失败
2020-04-24 20:07:49,643-omplogin-INFO-预期结果请输入用户名和实际提示请输入用户名=>一致
2020-04-24 20:07:53,247-basepage-ERROR-请输入密码截图失败
2020-04-24 20:07:53,370-omplogin-INFO-预期结果请输入密码和实际提示请输入密码=>一致
2020-04-24 20:07:58,824-basepage-ERROR-请输入验证码截图失败
2020-04-24 20:07:58,867-omplogin-INFO-预期结果请输入验证码和实际提示请输入验证码=>一致
2020-04-24 20:08:02,106-basepage-ERROR-无此用户名或已禁用截图失败
2020-04-24 20:08:02,153-omplogin-INFO-预期结果无此用户名或已禁用和实际提示无此用户名或已禁用=>一致
2020-04-24 20:08:26,868-basepage-ERROR-用户名或密码不正确截图失败
2020-04-24 20:08:26,934-omplogin-INFO-预期结果用户名或密码不正确和实际提示用户名或密码不正确=>一致
2020-04-24 20:08:30,282-basepage-ERROR-您输入的验证码不正确截图失败
2020-04-24 20:08:30,349-omplogin-INFO-预期结果您输入的验证码不正确和实际提示您输入的验证码不正确=>一致
2020-04-24 20:15:07,293-basepage-ERROR-请输入用户名截图失败
2020-04-24 20:15:07,390-omplogin-INFO-预期结果请输入用户名和实际提示请输入用户名=>一致
2020-04-24 20:15:15,357-basepage-ERROR-请输入密码截图失败
2020-04-24 20:15:15,430-omplogin-INFO-预期结果请输入密码和实际提示请输入密码=>一致
2020-04-24 20:15:21,288-basepage-ERROR-请输入验证码截图失败
2020-04-24 20:15:21,356-omplogin-INFO-预期结果请输入验证码和实际提示请输入验证码=>一致
2020-04-24 20:15:24,811-basepage-ERROR-无此用户名或已禁用截图失败
2020-04-24 20:15:24,939-omplogin-INFO-预期结果无此用户名或已禁用和实际提示无此用户名或已禁用=>一致
2020-04-24 20:15:28,270-basepage-ERROR-用户名或密码不正确截图失败
2020-04-24 20:15:28,335-omplogin-INFO-预期结果用户名或密码不正确和实际提示用户名或密码不正确=>一致
2020-04-24 20:15:34,636-basepage-ERROR-您输入的验证码不正确截图失败
2020-04-24 20:15:34,686-omplogin-INFO-预期结果您输入的验证码不正确和实际提示您输入的验证码不正确=>一致
2020-04-24 20:16:16,636-basepage-ERROR-请输入用户名截图失败
2020-04-24 20:16:16,768-omplogin-INFO-预期结果请输入用户名和实际提示请输入用户名=>一致
2020-04-24 20:16:20,300-basepage-ERROR-请输入密码截图失败
2020-04-24 20:16:20,371-omplogin-INFO-预期结果请输入密码和实际提示请输入密码=>一致
2020-04-24 20:16:23,712-basepage-ERROR-请输入验证码截图失败
2020-04-24 20:16:23,782-omplogin-INFO-预期结果请输入验证码和实际提示请输入验证码=>一致
2020-04-24 20:16:26,938-basepage-ERROR-无此用户名或已禁用截图失败
2020-04-24 20:16:26,991-omplogin-INFO-预期结果无此用户名或已禁用和实际提示无此用户名或已禁用=>一致
2020-04-24 20:16:30,386-basepage-ERROR-用户名或密码不正确截图失败
2020-04-24 20:16:30,444-omplogin-INFO-预期结果用户名或密码不正确和实际提示用户名或密码不正确=>一致
2020-04-24 20:16:33,953-basepage-ERROR-您输入的验证码不正确截图失败
2020-04-24 20:16:34,032-omplogin-INFO-预期结果您输入的验证码不正确和实际提示您输入的验证码不正确=>一致
2020-04-24 20:17:37,036-omplogin-INFO-预期结果请输入用户名和实际提示请输入用户名=>一致
2020-04-24 20:17:40,747-omplogin-INFO-预期结果请输入密码和实际提示请输入密码=>一致
2020-04-24 20:17:44,712-omplogin-INFO-预期结果请输入验证码和实际提示请输入验证码=>一致
2020-04-24 20:17:48,535-omplogin-INFO-预期结果无此用户名或已禁用和实际提示无此用户名或已禁用=>一致
2020-04-24 20:17:52,606-omplogin-INFO-预期结果用户名或密码不正确和实际提示用户名或密码不正确=>一致
2020-04-24 20:17:59,078-omplogin-INFO-预期结果您输入的验证码不正确和实际提示您输入的验证码不正确=>一致
2020-04-24 20:19:03,754-basepage-INFO-请输入用户名已成功截图
2020-04-24 20:19:03,832-omplogin-INFO-预期结果请输入用户名和实际提示请输入用户名=>一致
2020-04-24 20:19:08,035-basepage-INFO-请输入密码已成功截图
2020-04-24 20:19:08,212-omplogin-INFO-预期结果请输入密码和实际提示请输入密码=>一致
2020-04-24 20:19:11,888-basepage-INFO-请输入验证码已成功截图
2020-04-24 20:19:11,942-omplogin-INFO-预期结果请输入验证码和实际提示请输入验证码=>一致
2020-04-24 20:19:36,951-basepage-INFO-无此用户名或已禁用已成功截图
2020-04-24 20:19:37,181-omplogin-INFO-预期结果无此用户名或已禁用和实际提示无此用户名或已禁用=>一致
2020-04-24 20:19:41,263-basepage-INFO-用户名或密码不正确已成功截图
2020-04-24 20:19:41,333-omplogin-INFO-预期结果用户名或密码不正确和实际提示用户名或密码不正确=>一致
2020-04-24 20:19:45,214-basepage-INFO-您输入的验证码不正确已成功截图
2020-04-24 20:19:45,278-omplogin-INFO-预期结果您输入的验证码不正确和实际提示您输入的验证码不正确=>一致
2020-04-24 20:24:39,610-basepage-INFO-请输入用户名已成功截图
2020-04-24 20:24:39,684-omplogin-INFO-预期结果请输入用户名和实际提示请输入用户名=>一致
2020-04-24 20:24:43,661-basepage-INFO-请输入密码已成功截图
2020-04-24 20:24:43,741-omplogin-INFO-预期结果请输入密码和实际提示请输入密码=>一致
2020-04-24 20:24:47,871-basepage-INFO-请输入验证码已成功截图
2020-04-24 20:24:47,954-omplogin-INFO-预期结果请输入验证码和实际提示请输入验证码=>一致
2020-04-24 20:24:52,057-basepage-INFO-无此用户名或已禁用已成功截图
2020-04-24 20:24:52,119-omplogin-INFO-预期结果无此用户名或已禁用和实际提示无此用户名或已禁用=>一致
2020-04-24 20:25:16,490-omplogin-ERROR-预期结果和实际提示用户名或密码不正确=>不一致！！！
2020-04-24 20:25:56,267-basepage-INFO-请输入用户名已成功截图
2020-04-24 20:25:56,333-omplogin-INFO-预期结果请输入用户名和实际提示请输入用户名=>一致
2020-04-24 20:26:01,427-basepage-INFO-请输入密码已成功截图
2020-04-24 20:26:01,493-omplogin-INFO-预期结果请输入密码和实际提示请输入密码=>一致
2020-04-24 20:26:05,753-basepage-INFO-请输入验证码已成功截图
2020-04-24 20:26:05,824-omplogin-INFO-预期结果请输入验证码和实际提示请输入验证码=>一致
2020-04-24 20:26:09,913-basepage-INFO-无此用户名或已禁用已成功截图
2020-04-24 20:26:09,977-omplogin-INFO-预期结果无此用户名或已禁用和实际提示无此用户名或已禁用=>一致
2020-04-24 20:26:14,418-basepage-INFO-用户名或密码不正确已成功截图
2020-04-24 20:26:14,478-omplogin-INFO-预期结果用户名或密码不正确和实际提示用户名或密码不正确=>一致
2020-04-24 20:26:18,513-basepage-INFO-您输入的验证码不正确已成功截图
2020-04-24 20:26:18,576-omplogin-INFO-预期结果您输入的验证码不正确和实际提示您输入的验证码不正确=>一致
2020-04-24 21:02:20,993-omplogin-INFO-------omp登录无效类--------
2020-04-24 21:02:25,483-basepage-INFO-请输入用户名已成功截图
2020-04-24 21:02:25,622-omplogin-INFO-预期结果请输入用户名和实际提示请输入用户名=>一致
2020-04-24 21:02:26,304-omplogin-INFO-------omp登录无效类--------
2020-04-24 21:02:29,777-basepage-INFO-请输入密码已成功截图
2020-04-24 21:02:29,857-omplogin-INFO-预期结果请输入密码和实际提示请输入密码=>一致
2020-04-24 21:02:30,175-omplogin-INFO-------omp登录无效类--------
2020-04-24 21:02:33,445-basepage-INFO-请输入验证码已成功截图
2020-04-24 21:02:33,516-omplogin-INFO-预期结果请输入验证码和实际提示请输入验证码=>一致
2020-04-24 21:02:33,859-omplogin-INFO-------omp登录无效类--------
2020-04-24 21:02:37,151-basepage-INFO-无此用户名或已禁用已成功截图
2020-04-24 21:02:37,232-omplogin-INFO-预期结果无此用户名或已禁用和实际提示无此用户名或已禁用=>一致
2020-04-24 21:02:37,584-omplogin-INFO-------omp登录无效类--------
2020-04-24 21:02:41,131-basepage-INFO-用户名或密码不正确已成功截图
2020-04-24 21:02:41,212-omplogin-INFO-预期结果用户名或密码不正确和实际提示用户名或密码不正确=>一致
2020-04-24 21:02:41,619-omplogin-INFO-------omp登录无效类--------
2020-04-24 21:02:45,018-basepage-INFO-您输入的验证码不正确已成功截图
2020-04-24 21:02:45,094-omplogin-INFO-预期结果您输入的验证码不正确和实际提示您输入的验证码不正确=>一致
